0 info it worked if it ends with ok
1 verbose cli [ '/usr/local/bin/node',
1 verbose cli   '/usr/local/bin/npm',
1 verbose cli   'install',
1 verbose cli   '-g',
1 verbose cli   'bower' ]
2 info using npm@3.3.6
3 info using node@v5.0.0
4 silly loadCurrentTree Starting
5 silly install loadCurrentTree
6 silly install readGlobalPackageData
7 silly fetchPackageMetaData bower
8 silly fetchNamedPackageData bower
9 silly mapToRegistry name bower
10 silly mapToRegistry using default registry
11 silly mapToRegistry registry https://registry.npmjs.org/
12 silly mapToRegistry uri https://registry.npmjs.org/bower
13 verbose request uri https://registry.npmjs.org/bower
14 verbose request no auth needed
15 info attempt registry request try #1 at 3:08:41 PM
16 verbose request id 9f629f7ff7efcbff
17 verbose etag "28UUYNWSK0U05YY4868YYK7XD"
18 http request GET https://registry.npmjs.org/bower
19 http 200 https://registry.npmjs.org/bower
20 verbose headers { server: 'CouchDB/1.5.0 (Erlang OTP/R16B03)',
20 verbose headers   etag: '"2R6P7FF36OERXSTI4BZIK1LS5"',
20 verbose headers   'content-type': 'application/json',
20 verbose headers   'cache-control': 'max-age=300',
20 verbose headers   'content-length': '168996',
20 verbose headers   'accept-ranges': 'bytes',
20 verbose headers   date: 'Tue, 16 Feb 2016 15:08:41 GMT',
20 verbose headers   via: '1.1 varnish',
20 verbose headers   age: '132',
20 verbose headers   connection: 'keep-alive',
20 verbose headers   'x-served-by': 'cache-ams4132-AMS',
20 verbose headers   'x-cache': 'HIT',
20 verbose headers   'x-cache-hits': '4',
20 verbose headers   'x-timer': 'S1455635321.494008,VS0,VE0',
20 verbose headers   vary: 'Accept' }
21 silly get cb [ 200,
21 silly get   { server: 'CouchDB/1.5.0 (Erlang OTP/R16B03)',
21 silly get     etag: '"2R6P7FF36OERXSTI4BZIK1LS5"',
21 silly get     'content-type': 'application/json',
21 silly get     'cache-control': 'max-age=300',
21 silly get     'content-length': '168996',
21 silly get     'accept-ranges': 'bytes',
21 silly get     date: 'Tue, 16 Feb 2016 15:08:41 GMT',
21 silly get     via: '1.1 varnish',
21 silly get     age: '132',
21 silly get     connection: 'keep-alive',
21 silly get     'x-served-by': 'cache-ams4132-AMS',
21 silly get     'x-cache': 'HIT',
21 silly get     'x-cache-hits': '4',
21 silly get     'x-timer': 'S1455635321.494008,VS0,VE0',
21 silly get     vary: 'Accept' } ]
22 verbose get saving bower to /Users/Tbo/.npm/registry.npmjs.org/bower/.cache.json
23 silly install normalizeTree
24 silly loadCurrentTree Finishing
25 silly loadIdealTree Starting
26 silly install loadIdealTree
27 silly cloneCurrentTree Starting
28 silly install cloneCurrentTreeToIdealTree
29 silly cloneCurrentTree Finishing
30 silly loadShrinkwrap Starting
31 silly install loadShrinkwrap
32 silly loadShrinkwrap Finishing
33 silly loadAllDepsIntoIdealTree Starting
34 silly install loadAllDepsIntoIdealTree
35 silly resolveWithNewModule bower@1.7.7 checking installable status
36 silly cache add args [ 'bower', null ]
37 verbose cache add spec bower
38 silly cache add parsed spec Result {
38 silly cache add   raw: 'bower',
38 silly cache add   scope: null,
38 silly cache add   name: 'bower',
38 silly cache add   rawSpec: '',
38 silly cache add   spec: '*',
38 silly cache add   type: 'range' }
39 silly addNamed bower@*
40 verbose addNamed "*" is a valid semver range for bower
41 silly addNameRange { name: 'bower', range: '*', hasData: false }
42 silly mapToRegistry name bower
43 silly mapToRegistry using default registry
44 silly mapToRegistry registry https://registry.npmjs.org/
45 silly mapToRegistry uri https://registry.npmjs.org/bower
46 verbose addNameRange registry:https://registry.npmjs.org/bower not in flight; fetching
47 verbose get https://registry.npmjs.org/bower not expired, no request
48 silly addNameRange number 2 { name: 'bower', range: '*', hasData: true }
49 silly addNameRange versions [ 'bower',
49 silly addNameRange   [ '0.1.0',
49 silly addNameRange     '0.1.2',
49 silly addNameRange     '0.1.3',
49 silly addNameRange     '0.2.0',
49 silly addNameRange     '0.3.0',
49 silly addNameRange     '0.3.1',
49 silly addNameRange     '0.3.2',
49 silly addNameRange     '0.4.0',
49 silly addNameRange     '0.5.0',
49 silly addNameRange     '0.5.1',
49 silly addNameRange     '0.6.0',
49 silly addNameRange     '0.6.1',
49 silly addNameRange     '0.6.2',
49 silly addNameRange     '0.6.3',
49 silly addNameRange     '0.6.4',
49 silly addNameRange     '0.6.5',
49 silly addNameRange     '0.6.6',
49 silly addNameRange     '0.6.7',
49 silly addNameRange     '0.6.8',
49 silly addNameRange     '0.7.0',
49 silly addNameRange     '0.7.1',
49 silly addNameRange     '0.8.0',
49 silly addNameRange     '0.8.1',
49 silly addNameRange     '0.8.2',
49 silly addNameRange     '0.8.3',
49 silly addNameRange     '0.8.4',
49 silly addNameRange     '0.8.5',
49 silly addNameRange     '0.8.6',
49 silly addNameRange     '0.9.0',
49 silly addNameRange     '0.9.1',
49 silly addNameRange     '0.9.2',
49 silly addNameRange     '0.10.0',
49 silly addNameRange     '1.0.0',
49 silly addNameRange     '1.0.1',
49 silly addNameRange     '1.0.2',
49 silly addNameRange     '1.0.3',
49 silly addNameRange     '1.1.0',
49 silly addNameRange     '1.1.1',
49 silly addNameRange     '1.1.2',
49 silly addNameRange     '1.2.0',
49 silly addNameRange     '1.2.1',
49 silly addNameRange     '1.2.2',
49 silly addNameRange     '1.2.3',
49 silly addNameRange     '1.2.4',
49 silly addNameRange     '1.2.5',
49 silly addNameRange     '1.2.6',
49 silly addNameRange     '1.2.7',
49 silly addNameRange     '1.2.8',
49 silly addNameRange     '1.3.0',
49 silly addNameRange     '1.3.1',
49 silly addNameRange     '1.3.2',
49 silly addNameRange     '1.3.3',
49 silly addNameRange     '1.3.4',
49 silly addNameRange     '1.3.5',
49 silly addNameRange     '1.3.6',
49 silly addNameRange     '1.3.7',
49 silly addNameRange     '1.3.8',
49 silly addNameRange     '1.3.9',
49 silly addNameRange     '1.3.10',
49 silly addNameRange     '1.3.11',
49 silly addNameRange     '1.3.12',
49 silly addNameRange     '1.4.0',
49 silly addNameRange     '1.4.1',
49 silly addNameRange     '1.5.0',
49 silly addNameRange     '1.5.1',
49 silly addNameRange     '1.5.2',
49 silly addNameRange     '1.5.3',
49 silly addNameRange     '1.6.2',
49 silly addNameRange     '1.6.3',
49 silly addNameRange     '1.6.4',
49 silly addNameRange     '1.6.5',
49 silly addNameRange     '1.5.4',
49 silly addNameRange     '1.4.2',
49 silly addNameRange     '1.6.6',
49 silly addNameRange     '1.6.7',
49 silly addNameRange     '1.6.8',
49 silly addNameRange     '1.6.9',
49 silly addNameRange     '1.7.0',
49 silly addNameRange     '1.7.1',
49 silly addNameRange     '1.7.2',
49 silly addNameRange     '1.7.5',
49 silly addNameRange     '1.7.6',
49 silly addNameRange     '1.7.7' ] ]
50 silly addNamed bower@1.7.7
51 verbose addNamed "1.7.7" is a plain semver version for bower
52 silly mapToRegistry name bower
53 silly mapToRegistry using default registry
54 silly mapToRegistry registry https://registry.npmjs.org/
55 silly mapToRegistry uri https://registry.npmjs.org/bower
56 verbose addRemoteTarball https://registry.npmjs.org/bower/-/bower-1.7.7.tgz not in flight; adding
57 verbose addRemoteTarball [ 'https://registry.npmjs.org/bower/-/bower-1.7.7.tgz',
57 verbose addRemoteTarball   '2fd7ff3ebdcba5a8ffcd84c397c8fdfe9f825f92' ]
58 info retry fetch attempt 1 at 3:08:42 PM
59 info attempt registry request try #1 at 3:08:42 PM
60 http fetch GET https://registry.npmjs.org/bower/-/bower-1.7.7.tgz
61 http fetch 200 https://registry.npmjs.org/bower/-/bower-1.7.7.tgz
62 silly fetchAndShaCheck shasum 2fd7ff3ebdcba5a8ffcd84c397c8fdfe9f825f92
63 verbose addTmpTarball /var/folders/53/0lk2g55n5w93r4l8k5tfjj4h0000gn/T/npm-60799-1d0e3cea/registry.npmjs.org/bower/-/bower-1.7.7.tgz not in flight; adding
64 verbose addTmpTarball already have metadata; skipping unpack for bower@1.7.7
65 silly cache afterAdd bower@1.7.7
66 verbose afterAdd /Users/Tbo/.npm/bower/1.7.7/package/package.json not in flight; writing
67 verbose afterAdd /Users/Tbo/.npm/bower/1.7.7/package/package.json written
68 silly loadAllDepsIntoIdealTree Finishing
69 silly idealTree:prePrune /usr/local/lib
69 silly idealTree:prePrune └── bower@1.7.7
70 silly loadIdealTree Finishing
71 silly currentTree /usr/local/lib
71 silly currentTree └─┬ bower@1.6.5
71 silly currentTree   ├── abbrev@1.0.7
71 silly currentTree   ├── archy@1.0.0
71 silly currentTree   ├─┬ bower-config@1.2.2
71 silly currentTree   │ ├── graceful-fs@4.1.2
71 silly currentTree   │ ├─┬ optimist@0.6.1
71 silly currentTree   │ │ ├── minimist@0.0.10
71 silly currentTree   │ │ └── wordwrap@0.0.3
71 silly currentTree   │ └─┬ osenv@0.1.3
71 silly currentTree   │   ├── os-homedir@1.0.1
71 silly currentTree   │   └── os-tmpdir@1.0.1
71 silly currentTree   ├── bower-endpoint-parser@0.2.2
71 silly currentTree   ├─┬ bower-json@0.4.0
71 silly currentTree   │ ├── deep-extend@0.2.11
71 silly currentTree   │ ├── graceful-fs@2.0.3
71 silly currentTree   │ └── intersect@0.0.3
71 silly currentTree   ├── bower-logger@0.2.2
71 silly currentTree   ├─┬ bower-registry-client@1.0.0
71 silly currentTree   │ ├── async@0.2.10
71 silly currentTree   │ ├── graceful-fs@4.1.2
71 silly currentTree   │ ├── mkdirp@0.3.5
71 silly currentTree   │ └── request-replay@0.2.0
71 silly currentTree   ├─┬ cardinal@0.4.4
71 silly currentTree   │ ├── ansicolors@0.2.1
71 silly currentTree   │ └─┬ redeyed@0.4.4
71 silly currentTree   │   └── esprima@1.0.4
71 silly currentTree   ├─┬ chalk@1.1.1
71 silly currentTree   │ ├── ansi-styles@2.1.0
71 silly currentTree   │ ├── escape-string-regexp@1.0.3
71 silly currentTree   │ ├─┬ has-ansi@2.0.0
71 silly currentTree   │ │ └── ansi-regex@2.0.0
71 silly currentTree   │ ├─┬ strip-ansi@3.0.0
71 silly currentTree   │ │ └── ansi-regex@2.0.0
71 silly currentTree   │ └── supports-color@2.0.0
71 silly currentTree   ├── chmodr@1.0.2
71 silly currentTree   ├─┬ configstore@0.3.2
71 silly currentTree   │ ├─┬ js-yaml@3.4.3
71 silly currentTree   │ │ ├─┬ argparse@1.0.2
71 silly currentTree   │ │ │ ├── lodash@3.10.1
71 silly currentTree   │ │ │ └── sprintf-js@1.0.3
71 silly currentTree   │ │ └── esprima@2.6.0
71 silly currentTree   │ ├── object-assign@2.1.1
71 silly currentTree   │ ├─┬ osenv@0.1.3
71 silly currentTree   │ │ ├── os-homedir@1.0.1
71 silly currentTree   │ │ └── os-tmpdir@1.0.1
71 silly currentTree   │ ├── uuid@2.0.1
71 silly currentTree   │ └── xdg-basedir@1.0.1
71 silly currentTree   ├─┬ decompress-zip@0.1.0
71 silly currentTree   │ ├─┬ binary@0.3.0
71 silly currentTree   │ │ ├── buffers@0.1.1
71 silly currentTree   │ │ └─┬ chainsaw@0.1.0
71 silly currentTree   │ │   └── traverse@0.3.9
71 silly currentTree   │ ├── mkpath@0.1.0
71 silly currentTree   │ ├─┬ readable-stream@1.1.13
71 silly currentTree   │ │ ├── core-util-is@1.0.1
71 silly currentTree   │ │ ├── inherits@2.0.1
71 silly currentTree   │ │ ├── isarray@0.0.1
71 silly currentTree   │ │ └── string_decoder@0.10.31
71 silly currentTree   │ └─┬ touch@0.0.3
71 silly currentTree   │   └── nopt@1.0.10
71 silly currentTree   ├── destroy@1.0.3
71 silly currentTree   ├─┬ fs-write-stream-atomic@1.0.4
71 silly currentTree   │ └── graceful-fs@4.1.2
71 silly currentTree   ├─┬ fstream-ignore@1.0.2
71 silly currentTree   │ ├── inherits@2.0.1
71 silly currentTree   │ └─┬ minimatch@2.0.10
71 silly currentTree   │   └─┬ brace-expansion@1.1.1
71 silly currentTree   │     ├── balanced-match@0.2.0
71 silly currentTree   │     └── concat-map@0.0.1
71 silly currentTree   ├─┬ fstream@1.0.8
71 silly currentTree   │ ├── graceful-fs@4.1.2
71 silly currentTree   │ └── inherits@2.0.1
71 silly currentTree   ├─┬ github@0.2.4
71 silly currentTree   │ └── mime@1.3.4
71 silly currentTree   ├─┬ glob@4.5.3
71 silly currentTree   │ ├─┬ inflight@1.0.4
71 silly currentTree   │ │ └── wrappy@1.0.1
71 silly currentTree   │ ├── inherits@2.0.1
71 silly currentTree   │ ├─┬ minimatch@2.0.10
71 silly currentTree   │ │ └─┬ brace-expansion@1.1.1
71 silly currentTree   │ │   ├── balanced-match@0.2.0
71 silly currentTree   │ │   └── concat-map@0.0.1
71 silly currentTree   │ └─┬ once@1.3.2
71 silly currentTree   │   └── wrappy@1.0.1
71 silly currentTree   ├── graceful-fs@3.0.8
71 silly currentTree   ├─┬ handlebars@2.0.0
71 silly currentTree   │ ├─┬ optimist@0.3.7
71 silly currentTree   │ │ └── wordwrap@0.0.3
71 silly currentTree   │ └─┬ uglify-js@2.3.6
71 silly currentTree   │   ├── async@0.2.10
71 silly currentTree   │   └─┬ source-map@0.1.43
71 silly currentTree   │     └── amdefine@1.0.0
71 silly currentTree   ├─┬ inquirer@0.10.0
71 silly currentTree   │ ├── ansi-escapes@1.1.0
71 silly currentTree   │ ├── ansi-regex@2.0.0
71 silly currentTree   │ ├─┬ cli-cursor@1.0.2
71 silly currentTree   │ │ └─┬ restore-cursor@1.0.1
71 silly currentTree   │ │   ├── exit-hook@1.1.1
71 silly currentTree   │ │   └── onetime@1.0.0
71 silly currentTree   │ ├── cli-width@1.0.1
71 silly currentTree   │ ├── figures@1.4.0
71 silly currentTree   │ ├── lodash@3.10.1
71 silly currentTree   │ ├─┬ readline2@1.0.1
71 silly currentTree   │ │ ├─┬ code-point-at@1.0.0
71 silly currentTree   │ │ │ └── number-is-nan@1.0.0
71 silly currentTree   │ │ ├─┬ is-fullwidth-code-point@1.0.0
71 silly currentTree   │ │ │ └── number-is-nan@1.0.0
71 silly currentTree   │ │ └── mute-stream@0.0.5
71 silly currentTree   │ ├─┬ run-async@0.1.0
71 silly currentTree   │ │ └─┬ once@1.3.2
71 silly currentTree   │ │   └── wrappy@1.0.1
71 silly currentTree   │ ├── rx-lite@3.1.2
71 silly currentTree   │ ├── strip-ansi@3.0.0
71 silly currentTree   │ └── through@2.3.8
71 silly currentTree   ├─┬ insight@0.7.0
71 silly currentTree   │ ├── async@1.4.2
71 silly currentTree   │ ├─┬ configstore@1.2.1
71 silly currentTree   │ │ ├── graceful-fs@4.1.2
71 silly currentTree   │ │ ├── object-assign@3.0.0
71 silly currentTree   │ │ ├── os-tmpdir@1.0.1
71 silly currentTree   │ │ ├─┬ osenv@0.1.3
71 silly currentTree   │ │ │ └── os-homedir@1.0.1
71 silly currentTree   │ │ ├── uuid@2.0.1
71 silly currentTree   │ │ ├─┬ write-file-atomic@1.1.3
71 silly currentTree   │ │ │ └── slide@1.1.6
71 silly currentTree   │ │ └─┬ xdg-basedir@2.0.0
71 silly currentTree   │ │   └── os-homedir@1.0.1
71 silly currentTree   │ ├─┬ lodash.debounce@3.1.1
71 silly currentTree   │ │ └── lodash._getnative@3.9.1
71 silly currentTree   │ ├── object-assign@4.0.1
71 silly currentTree   │ ├─┬ os-name@1.0.3
71 silly currentTree   │ │ ├─┬ osx-release@1.1.0
71 silly currentTree   │ │ │ └── minimist@1.2.0
71 silly currentTree   │ │ └─┬ win-release@1.1.1
71 silly currentTree   │ │   └── semver@5.0.3
71 silly currentTree   │ └── tough-cookie@2.2.0
71 silly currentTree   ├── is-root@1.0.0
71 silly currentTree   ├── junk@1.0.2
71 silly currentTree   ├── lockfile@1.0.1
71 silly currentTree   ├── lru-cache@2.7.0
71 silly currentTree   ├─┬ md5-hex@1.1.0
71 silly currentTree   │ └── md5-o-matic@0.1.1
71 silly currentTree   ├─┬ mkdirp@0.5.0
71 silly currentTree   │ └── minimist@0.0.8
71 silly currentTree   ├── mout@0.11.0
71 silly currentTree   ├── nopt@3.0.4
71 silly currentTree   ├── opn@1.0.2
71 silly currentTree   ├─┬ p-throttler@0.1.1
71 silly currentTree   │ └── q@0.9.7
71 silly currentTree   ├─┬ promptly@0.2.0
71 silly currentTree   │ └─┬ read@1.0.7
71 silly currentTree   │   └── mute-stream@0.0.5
71 silly currentTree   ├── q@1.4.1
71 silly currentTree   ├─┬ request-progress@0.3.1
71 silly currentTree   │ └── throttleit@0.0.2
71 silly currentTree   ├─┬ request@2.53.0
71 silly currentTree   │ ├── aws-sign2@0.5.0
71 silly currentTree   │ ├─┬ bl@0.9.4
71 silly currentTree   │ │ └─┬ readable-stream@1.0.33
71 silly currentTree   │ │   ├── core-util-is@1.0.1
71 silly currentTree   │ │   ├── inherits@2.0.1
71 silly currentTree   │ │   ├── isarray@0.0.1
71 silly currentTree   │ │   └── string_decoder@0.10.31
71 silly currentTree   │ ├── caseless@0.9.0
71 silly currentTree   │ ├─┬ combined-stream@0.0.7
71 silly currentTree   │ │ └── delayed-stream@0.0.5
71 silly currentTree   │ ├── forever-agent@0.5.2
71 silly currentTree   │ ├─┬ form-data@0.2.0
71 silly currentTree   │ │ └── async@0.9.2
71 silly currentTree   │ ├─┬ hawk@2.3.1
71 silly currentTree   │ │ ├── boom@2.9.0
71 silly currentTree   │ │ ├── cryptiles@2.0.5
71 silly currentTree   │ │ ├── hoek@2.16.3
71 silly currentTree   │ │ └── sntp@1.0.9
71 silly currentTree   │ ├─┬ http-signature@0.10.1
71 silly currentTree   │ │ ├── asn1@0.1.11
71 silly currentTree   │ │ ├── assert-plus@0.1.5
71 silly currentTree   │ │ └── ctype@0.5.3
71 silly currentTree   │ ├── isstream@0.1.2
71 silly currentTree   │ ├── json-stringify-safe@5.0.1
71 silly currentTree   │ ├─┬ mime-types@2.0.14
71 silly currentTree   │ │ └── mime-db@1.12.0
71 silly currentTree   │ ├── node-uuid@1.4.3
71 silly currentTree   │ ├── oauth-sign@0.6.0
71 silly currentTree   │ ├── qs@2.3.3
71 silly currentTree   │ ├── stringstream@0.0.4
71 silly currentTree   │ ├── tough-cookie@2.2.0
71 silly currentTree   │ └── tunnel-agent@0.4.1
71 silly currentTree   ├── retry@0.6.1
71 silly currentTree   ├─┬ rimraf@2.4.3
71 silly currentTree   │ └─┬ glob@5.0.15
71 silly currentTree   │   ├─┬ inflight@1.0.4
71 silly currentTree   │   │ └── wrappy@1.0.1
71 silly currentTree   │   ├── inherits@2.0.1
71 silly currentTree   │   ├─┬ minimatch@3.0.0
71 silly currentTree   │   │ └─┬ brace-expansion@1.1.1
71 silly currentTree   │   │   ├── balanced-match@0.2.0
71 silly currentTree   │   │   └── concat-map@0.0.1
71 silly currentTree   │   ├─┬ once@1.3.2
71 silly currentTree   │   │ └── wrappy@1.0.1
71 silly currentTree   │   └── path-is-absolute@1.0.0
71 silly currentTree   ├── semver@2.3.2
71 silly currentTree   ├─┬ shell-quote@1.4.3
71 silly currentTree   │ ├── array-filter@0.0.1
71 silly currentTree   │ ├── array-map@0.0.0
71 silly currentTree   │ ├── array-reduce@0.0.0
71 silly currentTree   │ └── jsonify@0.0.0
71 silly currentTree   ├── stringify-object@1.0.1
71 silly currentTree   ├─┬ tar-fs@1.8.1
71 silly currentTree   │ ├─┬ pump@1.0.0
71 silly currentTree   │ │ ├── end-of-stream@1.1.0
71 silly currentTree   │ │ └─┬ once@1.3.2
71 silly currentTree   │ │   └── wrappy@1.0.1
71 silly currentTree   │ └─┬ tar-stream@1.2.1
71 silly currentTree   │   ├── bl@1.0.0
71 silly currentTree   │   ├─┬ end-of-stream@1.1.0
71 silly currentTree   │   │ └─┬ once@1.3.2
71 silly currentTree   │   │   └── wrappy@1.0.1
71 silly currentTree   │   ├─┬ readable-stream@2.0.2
71 silly currentTree   │   │ ├── core-util-is@1.0.1
71 silly currentTree   │   │ ├── inherits@2.0.1
71 silly currentTree   │   │ ├── isarray@0.0.1
71 silly currentTree   │   │ ├── process-nextick-args@1.0.3
71 silly currentTree   │   │ ├── string_decoder@0.10.31
71 silly currentTree   │   │ └── util-deprecate@1.0.2
71 silly currentTree   │   └── xtend@4.0.0
71 silly currentTree   ├── tmp@0.0.24
71 silly currentTree   ├─┬ update-notifier@0.3.2
71 silly currentTree   │ ├── is-npm@1.0.0
71 silly currentTree   │ ├─┬ latest-version@1.0.1
71 silly currentTree   │ │ └─┬ package-json@1.2.0
71 silly currentTree   │ │   ├─┬ got@3.3.1
71 silly currentTree   │ │   │ ├─┬ duplexify@3.4.2
71 silly currentTree   │ │   │ │ ├─┬ end-of-stream@1.0.0
71 silly currentTree   │ │   │ │ │ └─┬ once@1.3.2
71 silly currentTree   │ │   │ │ │   └── wrappy@1.0.1
71 silly currentTree   │ │   │ │ └─┬ readable-stream@2.0.2
71 silly currentTree   │ │   │ │   ├── core-util-is@1.0.1
71 silly currentTree   │ │   │ │   ├── inherits@2.0.1
71 silly currentTree   │ │   │ │   ├── isarray@0.0.1
71 silly currentTree   │ │   │ │   ├── process-nextick-args@1.0.3
71 silly currentTree   │ │   │ │   ├── string_decoder@0.10.31
71 silly currentTree   │ │   │ │   └── util-deprecate@1.0.2
71 silly currentTree   │ │   │ ├── infinity-agent@2.0.3
71 silly currentTree   │ │   │ ├── is-redirect@1.0.0
71 silly currentTree   │ │   │ ├── is-stream@1.0.1
71 silly currentTree   │ │   │ ├── lowercase-keys@1.0.0
71 silly currentTree   │ │   │ ├─┬ nested-error-stacks@1.0.1
71 silly currentTree   │ │   │ │ └── inherits@2.0.1
71 silly currentTree   │ │   │ ├── object-assign@3.0.0
71 silly currentTree   │ │   │ ├── prepend-http@1.0.3
71 silly currentTree   │ │   │ ├─┬ read-all-stream@3.0.1
71 silly currentTree   │ │   │ │ ├─┬ pinkie-promise@1.0.0
71 silly currentTree   │ │   │ │ │ └── pinkie@1.0.0
71 silly currentTree   │ │   │ │ └─┬ readable-stream@2.0.2
71 silly currentTree   │ │   │ │   ├── core-util-is@1.0.1
71 silly currentTree   │ │   │ │   ├── inherits@2.0.1
71 silly currentTree   │ │   │ │   ├── isarray@0.0.1
71 silly currentTree   │ │   │ │   ├── process-nextick-args@1.0.3
71 silly currentTree   │ │   │ │   ├── string_decoder@0.10.31
71 silly currentTree   │ │   │ │   └── util-deprecate@1.0.2
71 silly currentTree   │ │   │ └── timed-out@2.0.0
71 silly currentTree   │ │   └─┬ registry-url@3.0.3
71 silly currentTree   │ │     └─┬ rc@1.1.2
71 silly currentTree   │ │       ├── deep-extend@0.2.11
71 silly currentTree   │ │       ├── ini@1.3.4
71 silly currentTree   │ │       ├── minimist@1.2.0
71 silly currentTree   │ │       └── strip-json-comments@0.1.3
71 silly currentTree   │ ├─┬ semver-diff@2.0.0
71 silly currentTree   │ │ └── semver@4.3.6
71 silly currentTree   │ └─┬ string-length@1.0.1
71 silly currentTree   │   └─┬ strip-ansi@3.0.0
71 silly currentTree   │     └── ansi-regex@2.0.0
71 silly currentTree   ├── user-home@1.1.1
71 silly currentTree   └─┬ which@1.2.0
71 silly currentTree     └─┬ is-absolute@0.1.7
71 silly currentTree       └── is-relative@0.1.3
72 silly idealTree /usr/local/lib
72 silly idealTree └── bower@1.7.7
73 silly generateActionsToTake Starting
74 silly install generateActionsToTake
75 warn checkPermissions Missing write access to /usr/local/lib/node_modules/bower/node_modules/abbrev
76 warn checkPermissions Missing write access to /usr/local/lib/node_modules/bower/node_modules/archy
77 warn checkPermissions Missing write access to /usr/local/lib/node_modules/bower/node_modules/bower-config/node_modules/graceful-fs
78 warn checkPermissions Missing write access to /usr/local/lib/node_modules/bower/node_modules/bower-config/node_modules/optimist/node_modules/minimist
79 warn checkPermissions Missing write access to /usr/local/lib/node_modules/bower/node_modules/bower-config/node_modules/optimist/node_modules/wordwrap
80 warn checkPermissions Missing write access to /usr/local/lib/node_modules/bower/node_modules/bower-config/node_modules/osenv/node_modules/os-homedir
81 warn checkPermissions Missing write access to /usr/local/lib/node_modules/bower/node_modules/bower-config/node_modules/optimist
82 warn checkPermissions Missing write access to /usr/local/lib/node_modules/bower/node_modules/bower-config/node_modules/osenv/node_modules/os-tmpdir
83 warn checkPermissions Missing write access to /usr/local/lib/node_modules/bower/node_modules/bower-config/node_modules/osenv
84 warn checkPermissions Missing write access to /usr/local/lib/node_modules/bower/node_modules/bower-endpoint-parser
85 warn checkPermissions Missing write access to /usr/local/lib/node_modules/bower/node_modules/bower-json/node_modules/deep-extend
86 warn checkPermissions Missing write access to /usr/local/lib/node_modules/bower/node_modules/bower-json/node_modules/graceful-fs
87 warn checkPermissions Missing write access to /usr/local/lib/node_modules/bower/node_modules/bower-json/node_modules/intersect
88 warn checkPermissions Missing write access to /usr/local/lib/node_modules/bower/node_modules/bower-json
89 warn checkPermissions Missing write access to /usr/local/lib/node_modules/bower/node_modules/bower-logger
90 warn checkPermissions Missing write access to /usr/local/lib/node_modules/bower/node_modules/bower-registry-client/node_modules/async
91 warn checkPermissions Missing write access to /usr/local/lib/node_modules/bower/node_modules/bower-registry-client/node_modules/graceful-fs
92 warn checkPermissions Missing write access to /usr/local/lib/node_modules/bower/node_modules/bower-registry-client/node_modules/mkdirp
93 warn checkPermissions Missing write access to /usr/local/lib/node_modules/bower/node_modules/cardinal/node_modules/ansicolors
94 warn checkPermissions Missing write access to /usr/local/lib/node_modules/bower/node_modules/cardinal/node_modules/redeyed/node_modules/esprima
95 warn checkPermissions Missing write access to /usr/local/lib/node_modules/bower/node_modules/cardinal/node_modules/redeyed
96 warn checkPermissions Missing write access to /usr/local/lib/node_modules/bower/node_modules/cardinal
97 warn checkPermissions Missing write access to /usr/local/lib/node_modules/bower/node_modules/chalk/node_modules/ansi-styles
98 warn checkPermissions Missing write access to /usr/local/lib/node_modules/bower/node_modules/chalk/node_modules/escape-string-regexp
99 warn checkPermissions Missing write access to /usr/local/lib/node_modules/bower/node_modules/chalk/node_modules/has-ansi/node_modules/ansi-regex
100 warn checkPermissions Missing write access to /usr/local/lib/node_modules/bower/node_modules/chalk/node_modules/has-ansi
101 warn checkPermissions Missing write access to /usr/local/lib/node_modules/bower/node_modules/chalk/node_modules/strip-ansi/node_modules/ansi-regex
102 warn checkPermissions Missing write access to /usr/local/lib/node_modules/bower/node_modules/chalk/node_modules/strip-ansi
103 warn checkPermissions Missing write access to /usr/local/lib/node_modules/bower/node_modules/chalk/node_modules/supports-color
104 warn checkPermissions Missing write access to /usr/local/lib/node_modules/bower/node_modules/chalk
105 warn checkPermissions Missing write access to /usr/local/lib/node_modules/bower/node_modules/chmodr
106 warn checkPermissions Missing write access to /usr/local/lib/node_modules/bower/node_modules/configstore/node_modules/js-yaml/node_modules/argparse/node_modules/lodash
107 warn checkPermissions Missing write access to /usr/local/lib/node_modules/bower/node_modules/configstore/node_modules/js-yaml/node_modules/argparse/node_modules/sprintf-js
108 warn checkPermissions Missing write access to /usr/local/lib/node_modules/bower/node_modules/configstore/node_modules/js-yaml/node_modules/argparse
109 warn checkPermissions Missing write access to /usr/local/lib/node_modules/bower/node_modules/configstore/node_modules/js-yaml/node_modules/esprima
110 warn checkPermissions Missing write access to /usr/local/lib/node_modules/bower/node_modules/configstore/node_modules/js-yaml
111 warn checkPermissions Missing write access to /usr/local/lib/node_modules/bower/node_modules/configstore/node_modules/object-assign
112 warn checkPermissions Missing write access to /usr/local/lib/node_modules/bower/node_modules/configstore/node_modules/osenv/node_modules/os-homedir
113 warn checkPermissions Missing write access to /usr/local/lib/node_modules/bower/node_modules/configstore/node_modules/osenv/node_modules/os-tmpdir
114 warn checkPermissions Missing write access to /usr/local/lib/node_modules/bower/node_modules/configstore/node_modules/osenv
115 warn checkPermissions Missing write access to /usr/local/lib/node_modules/bower/node_modules/configstore/node_modules/uuid
116 warn checkPermissions Missing write access to /usr/local/lib/node_modules/bower/node_modules/decompress-zip/node_modules/binary/node_modules/buffers
117 warn checkPermissions Missing write access to /usr/local/lib/node_modules/bower/node_modules/decompress-zip/node_modules/binary/node_modules/chainsaw/node_modules/traverse
118 warn checkPermissions Missing write access to /usr/local/lib/node_modules/bower/node_modules/decompress-zip/node_modules/binary/node_modules/chainsaw
119 warn checkPermissions Missing write access to /usr/local/lib/node_modules/bower/node_modules/decompress-zip/node_modules/binary
120 warn checkPermissions Missing write access to /usr/local/lib/node_modules/bower/node_modules/decompress-zip/node_modules/mkpath
121 warn checkPermissions Missing write access to /usr/local/lib/node_modules/bower/node_modules/decompress-zip/node_modules/readable-stream/node_modules/core-util-is
122 warn checkPermissions Missing write access to /usr/local/lib/node_modules/bower/node_modules/decompress-zip/node_modules/readable-stream/node_modules/inherits
123 warn checkPermissions Missing write access to /usr/local/lib/node_modules/bower/node_modules/decompress-zip/node_modules/readable-stream/node_modules/isarray
124 warn checkPermissions Missing write access to /usr/local/lib/node_modules/bower/node_modules/decompress-zip/node_modules/readable-stream/node_modules/string_decoder
125 warn checkPermissions Missing write access to /usr/local/lib/node_modules/bower/node_modules/decompress-zip/node_modules/readable-stream
126 warn checkPermissions Missing write access to /usr/local/lib/node_modules/bower/node_modules/decompress-zip/node_modules/touch/node_modules/nopt
127 warn checkPermissions Missing write access to /usr/local/lib/node_modules/bower/node_modules/decompress-zip/node_modules/touch
128 warn checkPermissions Missing write access to /usr/local/lib/node_modules/bower/node_modules/destroy
129 warn checkPermissions Missing write access to /usr/local/lib/node_modules/bower/node_modules/fs-write-stream-atomic/node_modules/graceful-fs
130 warn checkPermissions Missing write access to /usr/local/lib/node_modules/bower/node_modules/fs-write-stream-atomic
131 warn checkPermissions Missing write access to /usr/local/lib/node_modules/bower/node_modules/fstream-ignore/node_modules/inherits
132 warn checkPermissions Missing write access to /usr/local/lib/node_modules/bower/node_modules/fstream-ignore/node_modules/minimatch/node_modules/brace-expansion/node_modules/balanced-match
133 warn checkPermissions Missing write access to /usr/local/lib/node_modules/bower/node_modules/fstream-ignore/node_modules/minimatch/node_modules/brace-expansion/node_modules/concat-map
134 warn checkPermissions Missing write access to /usr/local/lib/node_modules/bower/node_modules/fstream-ignore/node_modules/minimatch/node_modules/brace-expansion
135 warn checkPermissions Missing write access to /usr/local/lib/node_modules/bower/node_modules/fstream-ignore/node_modules/minimatch
136 warn checkPermissions Missing write access to /usr/local/lib/node_modules/bower/node_modules/fstream/node_modules/graceful-fs
137 warn checkPermissions Missing write access to /usr/local/lib/node_modules/bower/node_modules/fstream/node_modules/inherits
138 warn checkPermissions Missing write access to /usr/local/lib/node_modules/bower/node_modules/github/node_modules/mime
139 warn checkPermissions Missing write access to /usr/local/lib/node_modules/bower/node_modules/github
140 warn checkPermissions Missing write access to /usr/local/lib/node_modules/bower/node_modules/glob/node_modules/inflight/node_modules/wrappy
141 warn checkPermissions Missing write access to /usr/local/lib/node_modules/bower/node_modules/glob/node_modules/inherits
142 warn checkPermissions Missing write access to /usr/local/lib/node_modules/bower/node_modules/glob/node_modules/minimatch/node_modules/brace-expansion/node_modules/balanced-match
143 warn checkPermissions Missing write access to /usr/local/lib/node_modules/bower/node_modules/glob/node_modules/minimatch/node_modules/brace-expansion/node_modules/concat-map
144 warn checkPermissions Missing write access to /usr/local/lib/node_modules/bower/node_modules/glob/node_modules/minimatch/node_modules/brace-expansion
145 warn checkPermissions Missing write access to /usr/local/lib/node_modules/bower/node_modules/glob/node_modules/minimatch
146 warn checkPermissions Missing write access to /usr/local/lib/node_modules/bower/node_modules/glob/node_modules/once/node_modules/wrappy
147 warn checkPermissions Missing write access to /usr/local/lib/node_modules/bower/node_modules/glob/node_modules/once
148 warn checkPermissions Missing write access to /usr/local/lib/node_modules/bower/node_modules/glob/node_modules/inflight
149 warn checkPermissions Missing write access to /usr/local/lib/node_modules/bower/node_modules/glob
150 warn checkPermissions Missing write access to /usr/local/lib/node_modules/bower/node_modules/graceful-fs
151 warn checkPermissions Missing write access to /usr/local/lib/node_modules/bower/node_modules/handlebars/node_modules/optimist/node_modules/wordwrap
152 warn checkPermissions Missing write access to /usr/local/lib/node_modules/bower/node_modules/handlebars/node_modules/optimist
153 warn checkPermissions Missing write access to /usr/local/lib/node_modules/bower/node_modules/handlebars/node_modules/uglify-js/node_modules/async
154 warn checkPermissions Missing write access to /usr/local/lib/node_modules/bower/node_modules/handlebars/node_modules/uglify-js/node_modules/source-map/node_modules/amdefine
155 warn checkPermissions Missing write access to /usr/local/lib/node_modules/bower/node_modules/handlebars/node_modules/uglify-js/node_modules/source-map
156 warn checkPermissions Missing write access to /usr/local/lib/node_modules/bower/node_modules/handlebars/node_modules/uglify-js
157 warn checkPermissions Missing write access to /usr/local/lib/node_modules/bower/node_modules/handlebars
158 warn checkPermissions Missing write access to /usr/local/lib/node_modules/bower/node_modules/inquirer/node_modules/ansi-escapes
159 warn checkPermissions Missing write access to /usr/local/lib/node_modules/bower/node_modules/inquirer/node_modules/ansi-regex
160 warn checkPermissions Missing write access to /usr/local/lib/node_modules/bower/node_modules/inquirer/node_modules/cli-cursor/node_modules/restore-cursor/node_modules/onetime
161 warn checkPermissions Missing write access to /usr/local/lib/node_modules/bower/node_modules/inquirer/node_modules/cli-cursor/node_modules/restore-cursor/node_modules/exit-hook
162 warn checkPermissions Missing write access to /usr/local/lib/node_modules/bower/node_modules/inquirer/node_modules/cli-cursor/node_modules/restore-cursor
163 warn checkPermissions Missing write access to /usr/local/lib/node_modules/bower/node_modules/inquirer/node_modules/cli-cursor
164 warn checkPermissions Missing write access to /usr/local/lib/node_modules/bower/node_modules/inquirer/node_modules/cli-width
165 warn checkPermissions Missing write access to /usr/local/lib/node_modules/bower/node_modules/inquirer/node_modules/figures
166 warn checkPermissions Missing write access to /usr/local/lib/node_modules/bower/node_modules/inquirer/node_modules/lodash
167 warn checkPermissions Missing write access to /usr/local/lib/node_modules/bower/node_modules/inquirer/node_modules/readline2/node_modules/code-point-at
168 warn checkPermissions Missing write access to /usr/local/lib/node_modules/bower/node_modules/inquirer/node_modules/readline2/node_modules/code-point-at/node_modules/number-is-nan
169 warn checkPermissions Missing write access to /usr/local/lib/node_modules/bower/node_modules/inquirer/node_modules/readline2/node_modules/is-fullwidth-code-point/node_modules/number-is-nan
170 warn checkPermissions Missing write access to /usr/local/lib/node_modules/bower/node_modules/inquirer/node_modules/readline2/node_modules/is-fullwidth-code-point
171 warn checkPermissions Missing write access to /usr/local/lib/node_modules/bower/node_modules/inquirer/node_modules/readline2/node_modules/mute-stream
172 warn checkPermissions Missing write access to /usr/local/lib/node_modules/bower/node_modules/inquirer/node_modules/readline2
173 warn checkPermissions Missing write access to /usr/local/lib/node_modules/bower/node_modules/inquirer/node_modules/run-async/node_modules/once/node_modules/wrappy
174 warn checkPermissions Missing write access to /usr/local/lib/node_modules/bower/node_modules/inquirer/node_modules/run-async/node_modules/once
175 warn checkPermissions Missing write access to /usr/local/lib/node_modules/bower/node_modules/inquirer/node_modules/run-async
176 warn checkPermissions Missing write access to /usr/local/lib/node_modules/bower/node_modules/inquirer/node_modules/rx-lite
177 warn checkPermissions Missing write access to /usr/local/lib/node_modules/bower/node_modules/inquirer/node_modules/strip-ansi
178 warn checkPermissions Missing write access to /usr/local/lib/node_modules/bower/node_modules/inquirer/node_modules/through
179 warn checkPermissions Missing write access to /usr/local/lib/node_modules/bower/node_modules/inquirer
180 warn checkPermissions Missing write access to /usr/local/lib/node_modules/bower/node_modules/insight/node_modules/async
181 warn checkPermissions Missing write access to /usr/local/lib/node_modules/bower/node_modules/insight/node_modules/configstore/node_modules/graceful-fs
182 warn checkPermissions Missing write access to /usr/local/lib/node_modules/bower/node_modules/insight/node_modules/configstore/node_modules/object-assign
183 warn checkPermissions Missing write access to /usr/local/lib/node_modules/bower/node_modules/insight/node_modules/configstore/node_modules/os-tmpdir
184 warn checkPermissions Missing write access to /usr/local/lib/node_modules/bower/node_modules/insight/node_modules/configstore/node_modules/osenv/node_modules/os-homedir
185 warn checkPermissions Missing write access to /usr/local/lib/node_modules/bower/node_modules/insight/node_modules/configstore/node_modules/osenv
186 warn checkPermissions Missing write access to /usr/local/lib/node_modules/bower/node_modules/insight/node_modules/configstore/node_modules/uuid
187 warn checkPermissions Missing write access to /usr/local/lib/node_modules/bower/node_modules/insight/node_modules/configstore/node_modules/write-file-atomic/node_modules/slide
188 warn checkPermissions Missing write access to /usr/local/lib/node_modules/bower/node_modules/insight/node_modules/configstore/node_modules/write-file-atomic
189 warn checkPermissions Missing write access to /usr/local/lib/node_modules/bower/node_modules/insight/node_modules/configstore/node_modules/xdg-basedir/node_modules/os-homedir
190 warn checkPermissions Missing write access to /usr/local/lib/node_modules/bower/node_modules/insight/node_modules/configstore/node_modules/xdg-basedir
191 warn checkPermissions Missing write access to /usr/local/lib/node_modules/bower/node_modules/insight/node_modules/lodash.debounce/node_modules/lodash._getnative
192 warn checkPermissions Missing write access to /usr/local/lib/node_modules/bower/node_modules/insight/node_modules/lodash.debounce
193 warn checkPermissions Missing write access to /usr/local/lib/node_modules/bower/node_modules/insight/node_modules/object-assign
194 warn checkPermissions Missing write access to /usr/local/lib/node_modules/bower/node_modules/insight/node_modules/os-name/node_modules/osx-release/node_modules/minimist
195 warn checkPermissions Missing write access to /usr/local/lib/node_modules/bower/node_modules/insight/node_modules/os-name/node_modules/osx-release
196 warn checkPermissions Missing write access to /usr/local/lib/node_modules/bower/node_modules/insight/node_modules/os-name/node_modules/win-release/node_modules/semver
197 warn checkPermissions Missing write access to /usr/local/lib/node_modules/bower/node_modules/insight/node_modules/os-name/node_modules/win-release
198 warn checkPermissions Missing write access to /usr/local/lib/node_modules/bower/node_modules/insight/node_modules/os-name
199 warn checkPermissions Missing write access to /usr/local/lib/node_modules/bower/node_modules/insight/node_modules/tough-cookie
200 warn checkPermissions Missing write access to /usr/local/lib/node_modules/bower/node_modules/is-root
201 warn checkPermissions Missing write access to /usr/local/lib/node_modules/bower/node_modules/junk
202 warn checkPermissions Missing write access to /usr/local/lib/node_modules/bower/node_modules/lockfile
203 warn checkPermissions Missing write access to /usr/local/lib/node_modules/bower/node_modules/lru-cache
204 warn checkPermissions Missing write access to /usr/local/lib/node_modules/bower/node_modules/md5-hex/node_modules/md5-o-matic
205 warn checkPermissions Missing write access to /usr/local/lib/node_modules/bower/node_modules/md5-hex
206 warn checkPermissions Missing write access to /usr/local/lib/node_modules/bower/node_modules/mkdirp/node_modules/minimist
207 warn checkPermissions Missing write access to /usr/local/lib/node_modules/bower/node_modules/mkdirp
208 warn checkPermissions Missing write access to /usr/local/lib/node_modules/bower/node_modules/insight/node_modules/configstore
209 warn checkPermissions Missing write access to /usr/local/lib/node_modules/bower/node_modules/mout
210 warn checkPermissions Missing write access to /usr/local/lib/node_modules/bower/node_modules/bower-config
211 warn checkPermissions Missing write access to /usr/local/lib/node_modules/bower/node_modules/nopt
212 warn checkPermissions Missing write access to /usr/local/lib/node_modules/bower/node_modules/opn
213 warn checkPermissions Missing write access to /usr/local/lib/node_modules/bower/node_modules/p-throttler/node_modules/q
214 warn checkPermissions Missing write access to /usr/local/lib/node_modules/bower/node_modules/p-throttler
215 warn checkPermissions Missing write access to /usr/local/lib/node_modules/bower/node_modules/promptly/node_modules/read/node_modules/mute-stream
216 warn checkPermissions Missing write access to /usr/local/lib/node_modules/bower/node_modules/promptly/node_modules/read
217 warn checkPermissions Missing write access to /usr/local/lib/node_modules/bower/node_modules/promptly
218 warn checkPermissions Missing write access to /usr/local/lib/node_modules/bower/node_modules/q
219 warn checkPermissions Missing write access to /usr/local/lib/node_modules/bower/node_modules/decompress-zip
220 warn checkPermissions Missing write access to /usr/local/lib/node_modules/bower/node_modules/request-progress/node_modules/throttleit
221 warn checkPermissions Missing write access to /usr/local/lib/node_modules/bower/node_modules/request-progress
222 warn checkPermissions Missing write access to /usr/local/lib/node_modules/bower/node_modules/request/node_modules/bl/node_modules/readable-stream/node_modules/core-util-is
223 warn checkPermissions Missing write access to /usr/local/lib/node_modules/bower/node_modules/request/node_modules/aws-sign2
224 warn checkPermissions Missing write access to /usr/local/lib/node_modules/bower/node_modules/request/node_modules/bl/node_modules/readable-stream/node_modules/inherits
225 warn checkPermissions Missing write access to /usr/local/lib/node_modules/bower/node_modules/request/node_modules/bl/node_modules/readable-stream/node_modules/isarray
226 warn checkPermissions Missing write access to /usr/local/lib/node_modules/bower/node_modules/request/node_modules/bl/node_modules/readable-stream
227 warn checkPermissions Missing write access to /usr/local/lib/node_modules/bower/node_modules/request/node_modules/bl/node_modules/readable-stream/node_modules/string_decoder
228 warn checkPermissions Missing write access to /usr/local/lib/node_modules/bower/node_modules/request/node_modules/bl
229 warn checkPermissions Missing write access to /usr/local/lib/node_modules/bower/node_modules/request/node_modules/caseless
230 warn checkPermissions Missing write access to /usr/local/lib/node_modules/bower/node_modules/request/node_modules/combined-stream/node_modules/delayed-stream
231 warn checkPermissions Missing write access to /usr/local/lib/node_modules/bower/node_modules/request/node_modules/combined-stream
232 warn checkPermissions Missing write access to /usr/local/lib/node_modules/bower/node_modules/request/node_modules/forever-agent
233 warn checkPermissions Missing write access to /usr/local/lib/node_modules/bower/node_modules/request/node_modules/form-data/node_modules/async
234 warn checkPermissions Missing write access to /usr/local/lib/node_modules/bower/node_modules/request/node_modules/hawk/node_modules/hoek
235 warn checkPermissions Missing write access to /usr/local/lib/node_modules/bower/node_modules/request/node_modules/hawk/node_modules/boom
236 warn checkPermissions Missing write access to /usr/local/lib/node_modules/bower/node_modules/request/node_modules/hawk/node_modules/cryptiles
237 warn checkPermissions Missing write access to /usr/local/lib/node_modules/bower/node_modules/request/node_modules/hawk/node_modules/sntp
238 warn checkPermissions Missing write access to /usr/local/lib/node_modules/bower/node_modules/request/node_modules/hawk
239 warn checkPermissions Missing write access to /usr/local/lib/node_modules/bower/node_modules/request/node_modules/http-signature/node_modules/asn1
240 warn checkPermissions Missing write access to /usr/local/lib/node_modules/bower/node_modules/request/node_modules/http-signature/node_modules/assert-plus
241 warn checkPermissions Missing write access to /usr/local/lib/node_modules/bower/node_modules/request/node_modules/http-signature/node_modules/ctype
242 warn checkPermissions Missing write access to /usr/local/lib/node_modules/bower/node_modules/request/node_modules/http-signature
243 warn checkPermissions Missing write access to /usr/local/lib/node_modules/bower/node_modules/request/node_modules/isstream
244 warn checkPermissions Missing write access to /usr/local/lib/node_modules/bower/node_modules/request/node_modules/json-stringify-safe
245 warn checkPermissions Missing write access to /usr/local/lib/node_modules/bower/node_modules/request/node_modules/mime-types/node_modules/mime-db
246 warn checkPermissions Missing write access to /usr/local/lib/node_modules/bower/node_modules/request/node_modules/mime-types
247 warn checkPermissions Missing write access to /usr/local/lib/node_modules/bower/node_modules/request/node_modules/form-data
248 warn checkPermissions Missing write access to /usr/local/lib/node_modules/bower/node_modules/request/node_modules/node-uuid
249 warn checkPermissions Missing write access to /usr/local/lib/node_modules/bower/node_modules/request/node_modules/oauth-sign
250 warn checkPermissions Missing write access to /usr/local/lib/node_modules/bower/node_modules/request/node_modules/qs
251 warn checkPermissions Missing write access to /usr/local/lib/node_modules/bower/node_modules/request/node_modules/stringstream
252 warn checkPermissions Missing write access to /usr/local/lib/node_modules/bower/node_modules/request/node_modules/tough-cookie
253 warn checkPermissions Missing write access to /usr/local/lib/node_modules/bower/node_modules/request/node_modules/tunnel-agent
254 warn checkPermissions Missing write access to /usr/local/lib/node_modules/bower/node_modules/request
255 warn checkPermissions Missing write access to /usr/local/lib/node_modules/bower/node_modules/insight
256 warn checkPermissions Missing write access to /usr/local/lib/node_modules/bower/node_modules/retry
257 warn checkPermissions Missing write access to /usr/local/lib/node_modules/bower/node_modules/bower-registry-client/node_modules/request-replay
258 warn checkPermissions Missing write access to /usr/local/lib/node_modules/bower/node_modules/rimraf/node_modules/glob/node_modules/inflight/node_modules/wrappy
259 warn checkPermissions Missing write access to /usr/local/lib/node_modules/bower/node_modules/rimraf/node_modules/glob/node_modules/inherits
260 warn checkPermissions Missing write access to /usr/local/lib/node_modules/bower/node_modules/rimraf/node_modules/glob/node_modules/minimatch/node_modules/brace-expansion/node_modules/balanced-match
261 warn checkPermissions Missing write access to /usr/local/lib/node_modules/bower/node_modules/rimraf/node_modules/glob/node_modules/minimatch/node_modules/brace-expansion/node_modules/concat-map
262 warn checkPermissions Missing write access to /usr/local/lib/node_modules/bower/node_modules/rimraf/node_modules/glob/node_modules/minimatch/node_modules/brace-expansion
263 warn checkPermissions Missing write access to /usr/local/lib/node_modules/bower/node_modules/rimraf/node_modules/glob/node_modules/minimatch
264 warn checkPermissions Missing write access to /usr/local/lib/node_modules/bower/node_modules/rimraf/node_modules/glob/node_modules/once/node_modules/wrappy
265 warn checkPermissions Missing write access to /usr/local/lib/node_modules/bower/node_modules/rimraf/node_modules/glob/node_modules/once
266 warn checkPermissions Missing write access to /usr/local/lib/node_modules/bower/node_modules/rimraf/node_modules/glob/node_modules/inflight
267 warn checkPermissions Missing write access to /usr/local/lib/node_modules/bower/node_modules/rimraf/node_modules/glob/node_modules/path-is-absolute
268 warn checkPermissions Missing write access to /usr/local/lib/node_modules/bower/node_modules/rimraf/node_modules/glob
269 warn checkPermissions Missing write access to /usr/local/lib/node_modules/bower/node_modules/rimraf
270 warn checkPermissions Missing write access to /usr/local/lib/node_modules/bower/node_modules/fstream
271 warn checkPermissions Missing write access to /usr/local/lib/node_modules/bower/node_modules/fstream-ignore
272 warn checkPermissions Missing write access to /usr/local/lib/node_modules/bower/node_modules/bower-registry-client
273 warn checkPermissions Missing write access to /usr/local/lib/node_modules/bower/node_modules/semver
274 warn checkPermissions Missing write access to /usr/local/lib/node_modules/bower/node_modules/shell-quote/node_modules/array-filter
275 warn checkPermissions Missing write access to /usr/local/lib/node_modules/bower/node_modules/shell-quote/node_modules/array-map
276 warn checkPermissions Missing write access to /usr/local/lib/node_modules/bower/node_modules/shell-quote/node_modules/array-reduce
277 warn checkPermissions Missing write access to /usr/local/lib/node_modules/bower/node_modules/shell-quote/node_modules/jsonify
278 warn checkPermissions Missing write access to /usr/local/lib/node_modules/bower/node_modules/shell-quote
279 warn checkPermissions Missing write access to /usr/local/lib/node_modules/bower/node_modules/stringify-object
280 warn checkPermissions Missing write access to /usr/local/lib/node_modules/bower/node_modules/tar-fs/node_modules/pump/node_modules/once/node_modules/wrappy
281 warn checkPermissions Missing write access to /usr/local/lib/node_modules/bower/node_modules/tar-fs/node_modules/pump/node_modules/once
282 warn checkPermissions Missing write access to /usr/local/lib/node_modules/bower/node_modules/tar-fs/node_modules/pump/node_modules/end-of-stream
283 warn checkPermissions Missing write access to /usr/local/lib/node_modules/bower/node_modules/tar-fs/node_modules/pump
284 warn checkPermissions Missing write access to /usr/local/lib/node_modules/bower/node_modules/tar-fs/node_modules/tar-stream/node_modules/end-of-stream/node_modules/once/node_modules/wrappy
285 warn checkPermissions Missing write access to /usr/local/lib/node_modules/bower/node_modules/tar-fs/node_modules/tar-stream/node_modules/end-of-stream/node_modules/once
286 warn checkPermissions Missing write access to /usr/local/lib/node_modules/bower/node_modules/tar-fs/node_modules/tar-stream/node_modules/end-of-stream
287 warn checkPermissions Missing write access to /usr/local/lib/node_modules/bower/node_modules/tar-fs/node_modules/tar-stream/node_modules/readable-stream/node_modules/core-util-is
288 warn checkPermissions Missing write access to /usr/local/lib/node_modules/bower/node_modules/tar-fs/node_modules/tar-stream/node_modules/readable-stream/node_modules/inherits
289 warn checkPermissions Missing write access to /usr/local/lib/node_modules/bower/node_modules/tar-fs/node_modules/tar-stream/node_modules/readable-stream/node_modules/isarray
290 warn checkPermissions Missing write access to /usr/local/lib/node_modules/bower/node_modules/tar-fs/node_modules/tar-stream/node_modules/readable-stream/node_modules/process-nextick-args
291 warn checkPermissions Missing write access to /usr/local/lib/node_modules/bower/node_modules/tar-fs/node_modules/tar-stream/node_modules/readable-stream/node_modules/string_decoder
292 warn checkPermissions Missing write access to /usr/local/lib/node_modules/bower/node_modules/tar-fs/node_modules/tar-stream/node_modules/readable-stream/node_modules/util-deprecate
293 warn checkPermissions Missing write access to /usr/local/lib/node_modules/bower/node_modules/tar-fs/node_modules/tar-stream/node_modules/readable-stream
294 warn checkPermissions Missing write access to /usr/local/lib/node_modules/bower/node_modules/tar-fs/node_modules/tar-stream/node_modules/xtend
295 warn checkPermissions Missing write access to /usr/local/lib/node_modules/bower/node_modules/tar-fs/node_modules/tar-stream/node_modules/bl
296 warn checkPermissions Missing write access to /usr/local/lib/node_modules/bower/node_modules/tar-fs/node_modules/tar-stream
297 warn checkPermissions Missing write access to /usr/local/lib/node_modules/bower/node_modules/tar-fs
298 warn checkPermissions Missing write access to /usr/local/lib/node_modules/bower/node_modules/tmp
299 warn checkPermissions Missing write access to /usr/local/lib/node_modules/bower/node_modules/update-notifier/node_modules/is-npm
300 warn checkPermissions Missing write access to /usr/local/lib/node_modules/bower/node_modules/update-notifier/node_modules/latest-version/node_modules/package-json/node_modules/got/node_modules/duplexify/node_modules/end-of-stream/node_modules/once/node_modules/wrappy
301 warn checkPermissions Missing write access to /usr/local/lib/node_modules/bower/node_modules/update-notifier/node_modules/latest-version/node_modules/package-json/node_modules/got/node_modules/duplexify/node_modules/end-of-stream/node_modules/once
302 warn checkPermissions Missing write access to /usr/local/lib/node_modules/bower/node_modules/update-notifier/node_modules/latest-version/node_modules/package-json/node_modules/got/node_modules/duplexify/node_modules/end-of-stream
303 warn checkPermissions Missing write access to /usr/local/lib/node_modules/bower/node_modules/update-notifier/node_modules/latest-version/node_modules/package-json/node_modules/got/node_modules/duplexify/node_modules/readable-stream/node_modules/core-util-is
304 warn checkPermissions Missing write access to /usr/local/lib/node_modules/bower/node_modules/update-notifier/node_modules/latest-version/node_modules/package-json/node_modules/got/node_modules/duplexify/node_modules/readable-stream/node_modules/inherits
305 warn checkPermissions Missing write access to /usr/local/lib/node_modules/bower/node_modules/update-notifier/node_modules/latest-version/node_modules/package-json/node_modules/got/node_modules/duplexify/node_modules/readable-stream/node_modules/isarray
306 warn checkPermissions Missing write access to /usr/local/lib/node_modules/bower/node_modules/update-notifier/node_modules/latest-version/node_modules/package-json/node_modules/got/node_modules/duplexify/node_modules/readable-stream/node_modules/process-nextick-args
307 warn checkPermissions Missing write access to /usr/local/lib/node_modules/bower/node_modules/update-notifier/node_modules/latest-version/node_modules/package-json/node_modules/got/node_modules/duplexify/node_modules/readable-stream/node_modules/string_decoder
308 warn checkPermissions Missing write access to /usr/local/lib/node_modules/bower/node_modules/update-notifier/node_modules/latest-version/node_modules/package-json/node_modules/got/node_modules/duplexify/node_modules/readable-stream/node_modules/util-deprecate
309 warn checkPermissions Missing write access to /usr/local/lib/node_modules/bower/node_modules/update-notifier/node_modules/latest-version/node_modules/package-json/node_modules/got/node_modules/duplexify/node_modules/readable-stream
310 warn checkPermissions Missing write access to /usr/local/lib/node_modules/bower/node_modules/update-notifier/node_modules/latest-version/node_modules/package-json/node_modules/got/node_modules/duplexify
311 warn checkPermissions Missing write access to /usr/local/lib/node_modules/bower/node_modules/update-notifier/node_modules/latest-version/node_modules/package-json/node_modules/got/node_modules/infinity-agent
312 warn checkPermissions Missing write access to /usr/local/lib/node_modules/bower/node_modules/update-notifier/node_modules/latest-version/node_modules/package-json/node_modules/got/node_modules/is-redirect
313 warn checkPermissions Missing write access to /usr/local/lib/node_modules/bower/node_modules/update-notifier/node_modules/latest-version/node_modules/package-json/node_modules/got/node_modules/is-stream
314 warn checkPermissions Missing write access to /usr/local/lib/node_modules/bower/node_modules/update-notifier/node_modules/latest-version/node_modules/package-json/node_modules/got/node_modules/lowercase-keys
315 warn checkPermissions Missing write access to /usr/local/lib/node_modules/bower/node_modules/update-notifier/node_modules/latest-version/node_modules/package-json/node_modules/got/node_modules/nested-error-stacks/node_modules/inherits
316 warn checkPermissions Missing write access to /usr/local/lib/node_modules/bower/node_modules/update-notifier/node_modules/latest-version/node_modules/package-json/node_modules/got/node_modules/nested-error-stacks
317 warn checkPermissions Missing write access to /usr/local/lib/node_modules/bower/node_modules/update-notifier/node_modules/latest-version/node_modules/package-json/node_modules/got/node_modules/object-assign
318 warn checkPermissions Missing write access to /usr/local/lib/node_modules/bower/node_modules/update-notifier/node_modules/latest-version/node_modules/package-json/node_modules/got/node_modules/prepend-http
319 warn checkPermissions Missing write access to /usr/local/lib/node_modules/bower/node_modules/update-notifier/node_modules/latest-version/node_modules/package-json/node_modules/got/node_modules/read-all-stream/node_modules/pinkie-promise/node_modules/pinkie
320 warn checkPermissions Missing write access to /usr/local/lib/node_modules/bower/node_modules/update-notifier/node_modules/latest-version/node_modules/package-json/node_modules/got/node_modules/read-all-stream/node_modules/pinkie-promise
321 warn checkPermissions Missing write access to /usr/local/lib/node_modules/bower/node_modules/update-notifier/node_modules/latest-version/node_modules/package-json/node_modules/got/node_modules/read-all-stream/node_modules/readable-stream/node_modules/core-util-is
322 warn checkPermissions Missing write access to /usr/local/lib/node_modules/bower/node_modules/update-notifier/node_modules/latest-version/node_modules/package-json/node_modules/got/node_modules/read-all-stream/node_modules/readable-stream/node_modules/isarray
323 warn checkPermissions Missing write access to /usr/local/lib/node_modules/bower/node_modules/update-notifier/node_modules/latest-version/node_modules/package-json/node_modules/got/node_modules/read-all-stream/node_modules/readable-stream/node_modules/inherits
324 warn checkPermissions Missing write access to /usr/local/lib/node_modules/bower/node_modules/update-notifier/node_modules/latest-version/node_modules/package-json/node_modules/got/node_modules/read-all-stream/node_modules/readable-stream/node_modules/process-nextick-args
325 warn checkPermissions Missing write access to /usr/local/lib/node_modules/bower/node_modules/update-notifier/node_modules/latest-version/node_modules/package-json/node_modules/got/node_modules/read-all-stream/node_modules/readable-stream/node_modules/string_decoder
326 warn checkPermissions Missing write access to /usr/local/lib/node_modules/bower/node_modules/update-notifier/node_modules/latest-version/node_modules/package-json/node_modules/got/node_modules/read-all-stream/node_modules/readable-stream/node_modules/util-deprecate
327 warn checkPermissions Missing write access to /usr/local/lib/node_modules/bower/node_modules/update-notifier/node_modules/latest-version/node_modules/package-json/node_modules/got/node_modules/read-all-stream/node_modules/readable-stream
328 warn checkPermissions Missing write access to /usr/local/lib/node_modules/bower/node_modules/update-notifier/node_modules/latest-version/node_modules/package-json/node_modules/got/node_modules/read-all-stream
329 warn checkPermissions Missing write access to /usr/local/lib/node_modules/bower/node_modules/update-notifier/node_modules/latest-version/node_modules/package-json/node_modules/got/node_modules/timed-out
330 warn checkPermissions Missing write access to /usr/local/lib/node_modules/bower/node_modules/update-notifier/node_modules/latest-version/node_modules/package-json/node_modules/got
331 warn checkPermissions Missing write access to /usr/local/lib/node_modules/bower/node_modules/update-notifier/node_modules/latest-version/node_modules/package-json/node_modules/registry-url/node_modules/rc/node_modules/deep-extend
332 warn checkPermissions Missing write access to /usr/local/lib/node_modules/bower/node_modules/update-notifier/node_modules/latest-version/node_modules/package-json/node_modules/registry-url/node_modules/rc/node_modules/ini
333 warn checkPermissions Missing write access to /usr/local/lib/node_modules/bower/node_modules/update-notifier/node_modules/latest-version/node_modules/package-json/node_modules/registry-url/node_modules/rc/node_modules/minimist
334 warn checkPermissions Missing write access to /usr/local/lib/node_modules/bower/node_modules/update-notifier/node_modules/latest-version/node_modules/package-json/node_modules/registry-url/node_modules/rc/node_modules/strip-json-comments
335 warn checkPermissions Missing write access to /usr/local/lib/node_modules/bower/node_modules/update-notifier/node_modules/latest-version/node_modules/package-json/node_modules/registry-url/node_modules/rc
336 warn checkPermissions Missing write access to /usr/local/lib/node_modules/bower/node_modules/update-notifier/node_modules/latest-version/node_modules/package-json/node_modules/registry-url
337 warn checkPermissions Missing write access to /usr/local/lib/node_modules/bower/node_modules/update-notifier/node_modules/latest-version/node_modules/package-json
338 warn checkPermissions Missing write access to /usr/local/lib/node_modules/bower/node_modules/update-notifier/node_modules/latest-version
339 warn checkPermissions Missing write access to /usr/local/lib/node_modules/bower/node_modules/update-notifier/node_modules/semver-diff/node_modules/semver
340 warn checkPermissions Missing write access to /usr/local/lib/node_modules/bower/node_modules/update-notifier/node_modules/semver-diff
341 warn checkPermissions Missing write access to /usr/local/lib/node_modules/bower/node_modules/update-notifier/node_modules/string-length/node_modules/strip-ansi/node_modules/ansi-regex
342 warn checkPermissions Missing write access to /usr/local/lib/node_modules/bower/node_modules/update-notifier/node_modules/string-length/node_modules/strip-ansi
343 warn checkPermissions Missing write access to /usr/local/lib/node_modules/bower/node_modules/update-notifier/node_modules/string-length
344 warn checkPermissions Missing write access to /usr/local/lib/node_modules/bower/node_modules/user-home
345 warn checkPermissions Missing write access to /usr/local/lib/node_modules/bower/node_modules/configstore/node_modules/xdg-basedir
346 warn checkPermissions Missing write access to /usr/local/lib/node_modules/bower/node_modules/configstore
347 warn checkPermissions Missing write access to /usr/local/lib/node_modules/bower/node_modules/update-notifier
348 warn checkPermissions Missing write access to /usr/local/lib/node_modules/bower/node_modules/which/node_modules/is-absolute/node_modules/is-relative
349 warn checkPermissions Missing write access to /usr/local/lib/node_modules/bower/node_modules/which/node_modules/is-absolute
350 warn checkPermissions Missing write access to /usr/local/lib/node_modules/bower/node_modules/which
351 warn checkPermissions Missing write access to /usr/local/lib/node_modules/bower
352 warn checkPermissions Missing write access to /usr/local/lib/node_modules/bower/node_modules
353 warn checkPermissions Missing write access to /usr/local/lib/node_modules/bower/node_modules/bower-config/node_modules
354 warn checkPermissions Missing write access to /usr/local/lib/node_modules/bower/node_modules/bower-config/node_modules/optimist/node_modules
355 warn checkPermissions Missing write access to /usr/local/lib/node_modules/bower/node_modules/bower-config/node_modules/osenv/node_modules
356 warn checkPermissions Missing write access to /usr/local/lib/node_modules/bower/node_modules/bower-json/node_modules
357 warn checkPermissions Missing write access to /usr/local/lib/node_modules/bower/node_modules/bower-registry-client/node_modules
358 warn checkPermissions Missing write access to /usr/local/lib/node_modules/bower/node_modules/cardinal/node_modules
359 warn checkPermissions Missing write access to /usr/local/lib/node_modules/bower/node_modules/cardinal/node_modules/redeyed/node_modules
360 warn checkPermissions Missing write access to /usr/local/lib/node_modules/bower/node_modules/chalk/node_modules
361 warn checkPermissions Missing write access to /usr/local/lib/node_modules/bower/node_modules/chalk/node_modules/has-ansi/node_modules
362 warn checkPermissions Missing write access to /usr/local/lib/node_modules/bower/node_modules/chalk/node_modules/strip-ansi/node_modules
363 warn checkPermissions Missing write access to /usr/local/lib/node_modules/bower/node_modules/configstore/node_modules/js-yaml/node_modules/argparse/node_modules
364 warn checkPermissions Missing write access to /usr/local/lib/node_modules/bower/node_modules/configstore/node_modules/js-yaml/node_modules
365 warn checkPermissions Missing write access to /usr/local/lib/node_modules/bower/node_modules/configstore/node_modules
366 warn checkPermissions Missing write access to /usr/local/lib/node_modules/bower/node_modules/configstore/node_modules/osenv/node_modules
367 warn checkPermissions Missing write access to /usr/local/lib/node_modules/bower/node_modules/decompress-zip/node_modules/binary/node_modules
368 warn checkPermissions Missing write access to /usr/local/lib/node_modules/bower/node_modules/decompress-zip/node_modules/binary/node_modules/chainsaw/node_modules
369 warn checkPermissions Missing write access to /usr/local/lib/node_modules/bower/node_modules/decompress-zip/node_modules
370 warn checkPermissions Missing write access to /usr/local/lib/node_modules/bower/node_modules/decompress-zip/node_modules/readable-stream/node_modules
371 warn checkPermissions Missing write access to /usr/local/lib/node_modules/bower/node_modules/decompress-zip/node_modules/touch/node_modules
372 warn checkPermissions Missing write access to /usr/local/lib/node_modules/bower/node_modules/fs-write-stream-atomic/node_modules
373 warn checkPermissions Missing write access to /usr/local/lib/node_modules/bower/node_modules/fstream-ignore/node_modules
374 warn checkPermissions Missing write access to /usr/local/lib/node_modules/bower/node_modules/fstream-ignore/node_modules/minimatch/node_modules/brace-expansion/node_modules
375 warn checkPermissions Missing write access to /usr/local/lib/node_modules/bower/node_modules/fstream-ignore/node_modules/minimatch/node_modules
376 warn checkPermissions Missing write access to /usr/local/lib/node_modules/bower/node_modules/fstream/node_modules
377 warn checkPermissions Missing write access to /usr/local/lib/node_modules/bower/node_modules/github/node_modules
378 warn checkPermissions Missing write access to /usr/local/lib/node_modules/bower/node_modules/glob/node_modules/inflight/node_modules
379 warn checkPermissions Missing write access to /usr/local/lib/node_modules/bower/node_modules/glob/node_modules
380 warn checkPermissions Missing write access to /usr/local/lib/node_modules/bower/node_modules/glob/node_modules/minimatch/node_modules/brace-expansion/node_modules
381 warn checkPermissions Missing write access to /usr/local/lib/node_modules/bower/node_modules/glob/node_modules/minimatch/node_modules
382 warn checkPermissions Missing write access to /usr/local/lib/node_modules/bower/node_modules/glob/node_modules/once/node_modules
383 warn checkPermissions Missing write access to /usr/local/lib/node_modules/bower/node_modules/handlebars/node_modules/optimist/node_modules
384 warn checkPermissions Missing write access to /usr/local/lib/node_modules/bower/node_modules/handlebars/node_modules
385 warn checkPermissions Missing write access to /usr/local/lib/node_modules/bower/node_modules/handlebars/node_modules/uglify-js/node_modules
386 warn checkPermissions Missing write access to /usr/local/lib/node_modules/bower/node_modules/handlebars/node_modules/uglify-js/node_modules/source-map/node_modules
387 warn checkPermissions Missing write access to /usr/local/lib/node_modules/bower/node_modules/inquirer/node_modules
388 warn checkPermissions Missing write access to /usr/local/lib/node_modules/bower/node_modules/inquirer/node_modules/cli-cursor/node_modules/restore-cursor/node_modules
389 warn checkPermissions Missing write access to /usr/local/lib/node_modules/bower/node_modules/inquirer/node_modules/cli-cursor/node_modules
390 warn checkPermissions Missing write access to /usr/local/lib/node_modules/bower/node_modules/inquirer/node_modules/readline2/node_modules
391 warn checkPermissions Missing write access to /usr/local/lib/node_modules/bower/node_modules/inquirer/node_modules/readline2/node_modules/code-point-at/node_modules
392 warn checkPermissions Missing write access to /usr/local/lib/node_modules/bower/node_modules/inquirer/node_modules/readline2/node_modules/is-fullwidth-code-point/node_modules
393 warn checkPermissions Missing write access to /usr/local/lib/node_modules/bower/node_modules/inquirer/node_modules/run-async/node_modules/once/node_modules
394 warn checkPermissions Missing write access to /usr/local/lib/node_modules/bower/node_modules/inquirer/node_modules/run-async/node_modules
395 warn checkPermissions Missing write access to /usr/local/lib/node_modules/bower/node_modules/insight/node_modules
396 warn checkPermissions Missing write access to /usr/local/lib/node_modules/bower/node_modules/insight/node_modules/configstore/node_modules
397 warn checkPermissions Missing write access to /usr/local/lib/node_modules/bower/node_modules/insight/node_modules/configstore/node_modules/osenv/node_modules
398 warn checkPermissions Missing write access to /usr/local/lib/node_modules/bower/node_modules/insight/node_modules/configstore/node_modules/write-file-atomic/node_modules
399 warn checkPermissions Missing write access to /usr/local/lib/node_modules/bower/node_modules/insight/node_modules/configstore/node_modules/xdg-basedir/node_modules
400 warn checkPermissions Missing write access to /usr/local/lib/node_modules/bower/node_modules/insight/node_modules/lodash.debounce/node_modules
401 warn checkPermissions Missing write access to /usr/local/lib/node_modules/bower/node_modules/insight/node_modules/os-name/node_modules/osx-release/node_modules
402 warn checkPermissions Missing write access to /usr/local/lib/node_modules/bower/node_modules/insight/node_modules/os-name/node_modules
403 warn checkPermissions Missing write access to /usr/local/lib/node_modules/bower/node_modules/insight/node_modules/os-name/node_modules/win-release/node_modules
404 warn checkPermissions Missing write access to /usr/local/lib/node_modules/bower/node_modules/md5-hex/node_modules
405 warn checkPermissions Missing write access to /usr/local/lib/node_modules/bower/node_modules/mkdirp/node_modules
406 warn checkPermissions Missing write access to /usr/local/lib/node_modules/bower/node_modules/p-throttler/node_modules
407 warn checkPermissions Missing write access to /usr/local/lib/node_modules/bower/node_modules/promptly/node_modules/read/node_modules
408 warn checkPermissions Missing write access to /usr/local/lib/node_modules/bower/node_modules/promptly/node_modules
409 warn checkPermissions Missing write access to /usr/local/lib/node_modules/bower/node_modules/request-progress/node_modules
410 warn checkPermissions Missing write access to /usr/local/lib/node_modules/bower/node_modules/request/node_modules/bl/node_modules/readable-stream/node_modules
411 warn checkPermissions Missing write access to /usr/local/lib/node_modules/bower/node_modules/request/node_modules
412 warn checkPermissions Missing write access to /usr/local/lib/node_modules/bower/node_modules/request/node_modules/bl/node_modules
413 warn checkPermissions Missing write access to /usr/local/lib/node_modules/bower/node_modules/request/node_modules/combined-stream/node_modules
414 warn checkPermissions Missing write access to /usr/local/lib/node_modules/bower/node_modules/request/node_modules/form-data/node_modules
415 warn checkPermissions Missing write access to /usr/local/lib/node_modules/bower/node_modules/request/node_modules/hawk/node_modules
416 warn checkPermissions Missing write access to /usr/local/lib/node_modules/bower/node_modules/request/node_modules/http-signature/node_modules
417 warn checkPermissions Missing write access to /usr/local/lib/node_modules/bower/node_modules/request/node_modules/mime-types/node_modules
418 warn checkPermissions Missing write access to /usr/local/lib/node_modules/bower/node_modules/rimraf/node_modules/glob/node_modules/inflight/node_modules
419 warn checkPermissions Missing write access to /usr/local/lib/node_modules/bower/node_modules/rimraf/node_modules/glob/node_modules
420 warn checkPermissions Missing write access to /usr/local/lib/node_modules/bower/node_modules/rimraf/node_modules/glob/node_modules/minimatch/node_modules/brace-expansion/node_modules
421 warn checkPermissions Missing write access to /usr/local/lib/node_modules/bower/node_modules/rimraf/node_modules/glob/node_modules/minimatch/node_modules
422 warn checkPermissions Missing write access to /usr/local/lib/node_modules/bower/node_modules/rimraf/node_modules/glob/node_modules/once/node_modules
423 warn checkPermissions Missing write access to /usr/local/lib/node_modules/bower/node_modules/rimraf/node_modules
424 warn checkPermissions Missing write access to /usr/local/lib/node_modules/bower/node_modules/shell-quote/node_modules
425 warn checkPermissions Missing write access to /usr/local/lib/node_modules/bower/node_modules/tar-fs/node_modules/pump/node_modules/once/node_modules
426 warn checkPermissions Missing write access to /usr/local/lib/node_modules/bower/node_modules/tar-fs/node_modules/pump/node_modules
427 warn checkPermissions Missing write access to /usr/local/lib/node_modules/bower/node_modules/tar-fs/node_modules
428 warn checkPermissions Missing write access to /usr/local/lib/node_modules/bower/node_modules/tar-fs/node_modules/tar-stream/node_modules/end-of-stream/node_modules/once/node_modules
429 warn checkPermissions Missing write access to /usr/local/lib/node_modules/bower/node_modules/tar-fs/node_modules/tar-stream/node_modules/end-of-stream/node_modules
430 warn checkPermissions Missing write access to /usr/local/lib/node_modules/bower/node_modules/tar-fs/node_modules/tar-stream/node_modules
431 warn checkPermissions Missing write access to /usr/local/lib/node_modules/bower/node_modules/tar-fs/node_modules/tar-stream/node_modules/readable-stream/node_modules
432 warn checkPermissions Missing write access to /usr/local/lib/node_modules/bower/node_modules/update-notifier/node_modules
433 warn checkPermissions Missing write access to /usr/local/lib/node_modules/bower/node_modules/update-notifier/node_modules/latest-version/node_modules/package-json/node_modules/got/node_modules/duplexify/node_modules/end-of-stream/node_modules/once/node_modules
434 warn checkPermissions Missing write access to /usr/local/lib/node_modules/bower/node_modules/update-notifier/node_modules/latest-version/node_modules/package-json/node_modules/got/node_modules/duplexify/node_modules/end-of-stream/node_modules
435 warn checkPermissions Missing write access to /usr/local/lib/node_modules/bower/node_modules/update-notifier/node_modules/latest-version/node_modules/package-json/node_modules/got/node_modules/duplexify/node_modules
436 warn checkPermissions Missing write access to /usr/local/lib/node_modules/bower/node_modules/update-notifier/node_modules/latest-version/node_modules/package-json/node_modules/got/node_modules/duplexify/node_modules/readable-stream/node_modules
437 warn checkPermissions Missing write access to /usr/local/lib/node_modules/bower/node_modules/update-notifier/node_modules/latest-version/node_modules/package-json/node_modules/got/node_modules
438 warn checkPermissions Missing write access to /usr/local/lib/node_modules/bower/node_modules/update-notifier/node_modules/latest-version/node_modules/package-json/node_modules/got/node_modules/nested-error-stacks/node_modules
439 warn checkPermissions Missing write access to /usr/local/lib/node_modules/bower/node_modules/update-notifier/node_modules/latest-version/node_modules/package-json/node_modules/got/node_modules/read-all-stream/node_modules/pinkie-promise/node_modules
440 warn checkPermissions Missing write access to /usr/local/lib/node_modules/bower/node_modules/update-notifier/node_modules/latest-version/node_modules/package-json/node_modules/got/node_modules/read-all-stream/node_modules
441 warn checkPermissions Missing write access to /usr/local/lib/node_modules/bower/node_modules/update-notifier/node_modules/latest-version/node_modules/package-json/node_modules/got/node_modules/read-all-stream/node_modules/readable-stream/node_modules
442 warn checkPermissions Missing write access to /usr/local/lib/node_modules/bower/node_modules/update-notifier/node_modules/latest-version/node_modules/package-json/node_modules
443 warn checkPermissions Missing write access to /usr/local/lib/node_modules/bower/node_modules/update-notifier/node_modules/latest-version/node_modules/package-json/node_modules/registry-url/node_modules/rc/node_modules
444 warn checkPermissions Missing write access to /usr/local/lib/node_modules/bower/node_modules/update-notifier/node_modules/latest-version/node_modules/package-json/node_modules/registry-url/node_modules
445 warn checkPermissions Missing write access to /usr/local/lib/node_modules/bower/node_modules/update-notifier/node_modules/latest-version/node_modules
446 warn checkPermissions Missing write access to /usr/local/lib/node_modules/bower/node_modules/update-notifier/node_modules/semver-diff/node_modules
447 warn checkPermissions Missing write access to /usr/local/lib/node_modules/bower/node_modules/update-notifier/node_modules/string-length/node_modules/strip-ansi/node_modules
448 warn checkPermissions Missing write access to /usr/local/lib/node_modules/bower/node_modules/update-notifier/node_modules/string-length/node_modules
449 warn checkPermissions Missing write access to /usr/local/lib/node_modules/bower/node_modules/which/node_modules/is-absolute/node_modules
450 warn checkPermissions Missing write access to /usr/local/lib/node_modules/bower/node_modules/which/node_modules
451 warn checkPermissions Missing write access to /usr/local/lib/node_modules
452 silly rollbackFailedOptional Starting
453 silly rollbackFailedOptional Finishing
454 silly runTopLevelLifecycles Starting
455 silly runTopLevelLifecycles Finishing
456 silly install printInstalled
457 verbose stack Error: EACCES: permission denied, access '/usr/local/lib/node_modules/bower/node_modules/abbrev'
457 verbose stack     at Error (native)
458 verbose cwd /Users/Tbo/Projects/github_angular
459 error Darwin 14.4.0
460 error argv "/usr/local/bin/node" "/usr/local/bin/npm" "install" "-g" "bower"
461 error node v5.0.0
462 error npm  v3.3.6
463 error path /usr/local/lib/node_modules/bower/node_modules/abbrev
464 error code EACCES
465 error errno -13
466 error syscall access
467 error Error: EACCES: permission denied, access '/usr/local/lib/node_modules/bower/node_modules/abbrev'
467 error     at Error (native)
467 error  { [Error: EACCES: permission denied, access '/usr/local/lib/node_modules/bower/node_modules/abbrev']
467 error   errno: -13,
467 error   code: 'EACCES',
467 error   syscall: 'access',
467 error   path: '/usr/local/lib/node_modules/bower/node_modules/abbrev' }
468 error Please try running this command again as root/Administrator.
469 verbose exit [ -13, true ]
